Added Component: Designator=J1&3(TE_1-826656-0)
Add component (AddParameter): Name = "Availability"; Value = "Good"; VariantName = "[No Variations]"
Add component (AddParameter): Name = "Check_prices"; Value = "https://www.snapeda.com/parts/1-826656-0/TE%20Connectivity%20AMP%20Connectors/view-part/2881856/?ref=eda"; VariantName = "[No Variations]"
Add component (AddParameter): Name = "MF"; Value = "TE Connectivity"; VariantName = "[No Variations]"
Add component (AddParameter): Name = "MP"; Value = "1-826656-0"; VariantName = "[No Variations]"
Add component (AddParameter): Name = "Package"; Value = "None"; VariantName = "[No Variations]"
Add component (AddParameter): Name = "Price"; Value = "None"; VariantName = "[No Variations]"
Add component (AddParameter): Name = "Purchase-URL"; Value = "https://pricing.snapeda.com/search/part/1-826656-0/?ref=eda"; VariantName = "[No Variations]"
Add component (AddParameter): Name = "SnapEDA_Link"; Value = "https://www.snapeda.com/parts/1-826656-0/TE%20Connectivity%20AMP%20Connectors/view-part/2881856/?ref=snap"; VariantName = "[No Variations]"
Add component (AddParameter): Name = "Value"; Value = ""; VariantName = "[No Variations]"
Added Component: Designator=J2&4(TE_1-826656-0)
Add component (AddParameter): Name = "Availability"; Value = "Good"; VariantName = "[No Variations]"
Add component (AddParameter): Name = "Check_prices"; Value = "https://www.snapeda.com/parts/1-826656-0/TE%20Connectivity%20AMP%20Connectors/view-part/2881856/?ref=eda"; VariantName = "[No Variations]"
Add component (AddParameter): Name = "MF"; Value = "TE Connectivity"; VariantName = "[No Variations]"
Add component (AddParameter): Name = "MP"; Value = "1-826656-0"; VariantName = "[No Variations]"
Add component (AddParameter): Name = "Package"; Value = "None"; VariantName = "[No Variations]"
Add component (AddParameter): Name = "Price"; Value = "None"; VariantName = "[No Variations]"
Add component (AddParameter): Name = "Purchase-URL"; Value = "https://pricing.snapeda.com/search/part/1-826656-0/?ref=eda"; VariantName = "[No Variations]"
Add component (AddParameter): Name = "SnapEDA_Link"; Value = "https://www.snapeda.com/parts/1-826656-0/TE%20Connectivity%20AMP%20Connectors/view-part/2881856/?ref=snap"; VariantName = "[No Variations]"
Add component (AddParameter): Name = "Value"; Value = ""; VariantName = "[No Variations]"
Added Component: Designator=U1(FP-PM0064A-MFG)
Add component (AddParameter): Name = "Ambient Temperature Range High"; Value = "+85°C"; VariantName = "[No Variations]"
Add component (AddParameter): Name = "Ambient Temperature Range Low"; Value = "-40°C"; VariantName = "[No Variations]"
Add component (AddParameter): Name = "Automotive"; Value = "No"; VariantName = "[No Variations]"
Add component (AddParameter): Name = "Category"; Value = "IC"; VariantName = "[No Variations]"
Add component (AddParameter): Name = "ComponentLink2Description"; Value = "Datasheet"; VariantName = "[No Variations]"
Add component (AddParameter): Name = "ComponentLink2URL"; Value = "http://www.ti.com/lit/gpn/tm4c123gh6pm"; VariantName = "[No Variations]"
Add component (AddParameter): Name = "Core Architecture"; Value = "ARM Cortex-M4F"; VariantName = "[No Variations]"
Add component (AddParameter): Name = "Data Bus Width"; Value = "32bits"; VariantName = "[No Variations]"
Add component (AddParameter): Name = "Device Class L1"; Value = "Integrated Circuits (ICs)"; VariantName = "[No Variations]"
Add component (AddParameter): Name = "Device Class L2"; Value = "Embedded Processors and Controllers"; VariantName = "[No Variations]"
Add component (AddParameter): Name = "Device Class L3"; Value = "Microcontrollers"; VariantName = "[No Variations]"
Add component (AddParameter): Name = "Digikey Description"; Value = "IC MCU 32BIT 256KB FLASH 64LQFP"; VariantName = "[No Variations]"
Add component (AddParameter): Name = "Frequency"; Value = "80MHz"; VariantName = "[No Variations]"
Add component (AddParameter): Name = "Height"; Value = "1.6mm"; VariantName = "[No Variations]"
Add component (AddParameter): Name = "Interface"; Value = "I2C,SPI,UART,CAN,USB,IrDA,Other"; VariantName = "[No Variations]"
Add component (AddParameter): Name = "Ipc Land Pattern Name"; Value = "QFP50P1200X1200X160-64"; VariantName = "[No Variations]"
Add component (AddParameter): Name = "Lead Free"; Value = "Yes"; VariantName = "[No Variations]"
Add component (AddParameter): Name = "Manufacturer"; Value = "Texas Instruments"; VariantName = "[No Variations]"
Add component (AddParameter): Name = "Manufacturer Part Number"; Value = "TM4C123GH6PMI7"; VariantName = "[No Variations]"
Add component (AddParameter): Name = "Max Junction Temp"; Value = "+96°C"; VariantName = "[No Variations]"
Add component (AddParameter): Name = "Max Supply Voltage"; Value = "3.63V"; VariantName = "[No Variations]"
Add component (AddParameter): Name = "Memory Size"; Value = "256KBytes"; VariantName = "[No Variations]"
Add component (AddParameter): Name = "Memory Type"; Value = "FLASH"; VariantName = "[No Variations]"
Add component (AddParameter): Name = "Min Supply Voltage"; Value = "1.08V"; VariantName = "[No Variations]"
Add component (AddParameter): Name = "Mouser Description"; Value = "MCU 32-Bit Tiva C ARM Cortex M4F RISC 256KB Flash 1.2V/3.3V 64-Pin LQFP"; VariantName = "[No Variations]"
Add component (AddParameter): Name = "Number Of A/D Converters"; Value = "2"; VariantName = "[No Variations]"
Add component (AddParameter): Name = "Number Of Adc Channels"; Value = "12"; VariantName = "[No Variations]"
Add component (AddParameter): Name = "Number Of Cores"; Value = "1"; VariantName = "[No Variations]"
Add component (AddParameter): Name = "Number Of I2C Channels"; Value = "4"; VariantName = "[No Variations]"
Add component (AddParameter): Name = "Number Of I/Os"; Value = "43"; VariantName = "[No Variations]"
Add component (AddParameter): Name = "Number Of Pwm Channels"; Value = "16"; VariantName = "[No Variations]"
Add component (AddParameter): Name = "Number Of Spi Channels"; Value = "4"; VariantName = "[No Variations]"
Add component (AddParameter): Name = "Number Of Timers/Counters"; Value = "12"; VariantName = "[No Variations]"
Add component (AddParameter): Name = "Number Of Uart Channels"; Value = "8"; VariantName = "[No Variations]"
Add component (AddParameter): Name = "Number Of Usb Channels"; Value = "1"; VariantName = "[No Variations]"
Add component (AddParameter): Name = "Octopart"; Value = "https://octopart.com/tm4c123gh6pmi7-texas+instruments-47641106"; VariantName = "[No Variations]"
Add component (AddParameter): Name = "Package"; Value = "PM0064A"; VariantName = "[No Variations]"
Add component (AddParameter): Name = "Ram Size"; Value = "32KBytes"; VariantName = "[No Variations]"
Add component (AddParameter): Name = "RoHS"; Value = "TRUE"; VariantName = "[No Variations]"
Add component (AddParameter): Name = "Standoff Height"; Value = "0.05mm"; VariantName = "[No Variations]"
Add component (AddParameter): Name = "Temperature"; Value = "-40°C to +96°C"; VariantName = "[No Variations]"
Add component (AddParameter): Name = "Temperature Range High"; Value = "+96°C"; VariantName = "[No Variations]"
Add component (AddParameter): Name = "Temperature Range Low"; Value = "-40°C"; VariantName = "[No Variations]"
Added Component: Designator=U?(FP-PM0064A-MFG)
Add component (AddParameter): Name = "Ambient Temperature Range High"; Value = "+85°C"; VariantName = "[No Variations]"
Add component (AddParameter): Name = "Ambient Temperature Range Low"; Value = "-40°C"; VariantName = "[No Variations]"
Add component (AddParameter): Name = "Automotive"; Value = "No"; VariantName = "[No Variations]"
Add component (AddParameter): Name = "Category"; Value = "IC"; VariantName = "[No Variations]"
Add component (AddParameter): Name = "ComponentLink2Description"; Value = "Datasheet"; VariantName = "[No Variations]"
Add component (AddParameter): Name = "ComponentLink2URL"; Value = "http://www.ti.com/lit/gpn/tm4c123gh6pm"; VariantName = "[No Variations]"
Add component (AddParameter): Name = "Core Architecture"; Value = "ARM Cortex-M4F"; VariantName = "[No Variations]"
Add component (AddParameter): Name = "Data Bus Width"; Value = "32bits"; VariantName = "[No Variations]"
Add component (AddParameter): Name = "Device Class L1"; Value = "Integrated Circuits (ICs)"; VariantName = "[No Variations]"
Add component (AddParameter): Name = "Device Class L2"; Value = "Embedded Processors and Controllers"; VariantName = "[No Variations]"
Add component (AddParameter): Name = "Device Class L3"; Value = "Microcontrollers"; VariantName = "[No Variations]"
Add component (AddParameter): Name = "Digikey Description"; Value = "IC MCU 32BIT 256KB FLASH 64LQFP"; VariantName = "[No Variations]"
Add component (AddParameter): Name = "Frequency"; Value = "80MHz"; VariantName = "[No Variations]"
Add component (AddParameter): Name = "Height"; Value = "1.6mm"; VariantName = "[No Variations]"
Add component (AddParameter): Name = "Interface"; Value = "I2C,SPI,UART,CAN,USB,IrDA,Other"; VariantName = "[No Variations]"
Add component (AddParameter): Name = "Ipc Land Pattern Name"; Value = "QFP50P1200X1200X160-64"; VariantName = "[No Variations]"
Add component (AddParameter): Name = "Lead Free"; Value = "Yes"; VariantName = "[No Variations]"
Add component (AddParameter): Name = "Manufacturer"; Value = "Texas Instruments"; VariantName = "[No Variations]"
Add component (AddParameter): Name = "Manufacturer Part Number"; Value = "TM4C123GH6PMI7"; VariantName = "[No Variations]"
Add component (AddParameter): Name = "Max Junction Temp"; Value = "+96°C"; VariantName = "[No Variations]"
Add component (AddParameter): Name = "Max Supply Voltage"; Value = "3.63V"; VariantName = "[No Variations]"
Add component (AddParameter): Name = "Memory Size"; Value = "256KBytes"; VariantName = "[No Variations]"
Add component (AddParameter): Name = "Memory Type"; Value = "FLASH"; VariantName = "[No Variations]"
Add component (AddParameter): Name = "Min Supply Voltage"; Value = "1.08V"; VariantName = "[No Variations]"
Add component (AddParameter): Name = "Mouser Description"; Value = "MCU 32-Bit Tiva C ARM Cortex M4F RISC 256KB Flash 1.2V/3.3V 64-Pin LQFP"; VariantName = "[No Variations]"
Add component (AddParameter): Name = "Number Of A/D Converters"; Value = "2"; VariantName = "[No Variations]"
Add component (AddParameter): Name = "Number Of Adc Channels"; Value = "12"; VariantName = "[No Variations]"
Add component (AddParameter): Name = "Number Of Cores"; Value = "1"; VariantName = "[No Variations]"
Add component (AddParameter): Name = "Number Of I2C Channels"; Value = "4"; VariantName = "[No Variations]"
Add component (AddParameter): Name = "Number Of I/Os"; Value = "43"; VariantName = "[No Variations]"
Add component (AddParameter): Name = "Number Of Pwm Channels"; Value = "16"; VariantName = "[No Variations]"
Add component (AddParameter): Name = "Number Of Spi Channels"; Value = "4"; VariantName = "[No Variations]"
Add component (AddParameter): Name = "Number Of Timers/Counters"; Value = "12"; VariantName = "[No Variations]"
Add component (AddParameter): Name = "Number Of Uart Channels"; Value = "8"; VariantName = "[No Variations]"
Add component (AddParameter): Name = "Number Of Usb Channels"; Value = "1"; VariantName = "[No Variations]"
Add component (AddParameter): Name = "Octopart"; Value = "https://octopart.com/tm4c123gh6pmi7-texas+instruments-47641106"; VariantName = "[No Variations]"
Add component (AddParameter): Name = "Package"; Value = "PM0064A"; VariantName = "[No Variations]"
Add component (AddParameter): Name = "Ram Size"; Value = "32KBytes"; VariantName = "[No Variations]"
Add component (AddParameter): Name = "RoHS"; Value = "TRUE"; VariantName = "[No Variations]"
Add component (AddParameter): Name = "Standoff Height"; Value = "0.05mm"; VariantName = "[No Variations]"
Add component (AddParameter): Name = "Temperature"; Value = "-40°C to +96°C"; VariantName = "[No Variations]"
Add component (AddParameter): Name = "Temperature Range High"; Value = "+96°C"; VariantName = "[No Variations]"
Add component (AddParameter): Name = "Temperature Range Low"; Value = "-40°C"; VariantName = "[No Variations]"
Added Pin To Net: NetName=+3.3V Pin=J1&3-1
Added Net: Name=+3.3V
Added Pin To Net: NetName=+VBUS Pin=J1&3-11
Added Net: Name=+VBUS
Added Pin To Net: NetName=GND Pin=J1&3-12
Added Net: Name=GND
Added Pin To Net: NetName=NetJ1&3_2 Pin=J1&3-2
Added Net: Name=NetJ1&3_2
Added Pin To Net: NetName=NetJ1&3_3 Pin=J1&3-3
Added Pin To Net: NetName=NetJ1&3_3 Pin=U1-45
Added Net: Name=NetJ1&3_3
Added Pin To Net: NetName=NetJ1&3_4 Pin=J1&3-4
Added Net: Name=NetJ1&3_4
Added Pin To Net: NetName=NetJ1&3_5 Pin=J1&3-5
Added Net: Name=NetJ1&3_5
Added Pin To Net: NetName=NetJ1&3_6 Pin=J1&3-6
Added Net: Name=NetJ1&3_6
Added Pin To Net: NetName=NetJ1&3_7 Pin=J1&3-7
Added Net: Name=NetJ1&3_7
Added Pin To Net: NetName=NetJ1&3_8 Pin=J1&3-8
Added Net: Name=NetJ1&3_8
Added Pin To Net: NetName=NetJ1&3_9 Pin=J1&3-9
Added Net: Name=NetJ1&3_9
Added Pin To Net: NetName=NetJ1&3_10 Pin=J1&3-10
Added Net: Name=NetJ1&3_10
Added Pin To Net: NetName=NetJ1&3_13 Pin=J1&3-13
Added Net: Name=NetJ1&3_13
Added Pin To Net: NetName=NetJ1&3_14 Pin=J1&3-14
Added Net: Name=NetJ1&3_14
Added Pin To Net: NetName=NetJ1&3_15 Pin=J1&3-15
Added Net: Name=NetJ1&3_15
Added Pin To Net: NetName=NetJ1&3_16 Pin=J1&3-16
Added Net: Name=NetJ1&3_16
Added Pin To Net: NetName=NetJ1&3_17 Pin=J1&3-17
Added Net: Name=NetJ1&3_17
Added Pin To Net: NetName=NetJ1&3_18 Pin=J1&3-18
Added Net: Name=NetJ1&3_18
Added Pin To Net: NetName=NetJ1&3_19 Pin=J1&3-19
Added Net: Name=NetJ1&3_19
Added Pin To Net: NetName=NetJ2&4_2 Pin=J2&4-2
Added Net: Name=NetJ2&4_2
Added Pin To Net: NetName=NetJ2&4_3 Pin=J2&4-3
Added Net: Name=NetJ2&4_3
Added Pin To Net: NetName=NetJ2&4_4 Pin=J2&4-4
Added Net: Name=NetJ2&4_4
Added Pin To Net: NetName=NetJ2&4_5 Pin=J2&4-5
Added Net: Name=NetJ2&4_5
Added Pin To Net: NetName=NetJ2&4_6 Pin=J2&4-6
Added Net: Name=NetJ2&4_6
Added Pin To Net: NetName=NetJ2&4_7 Pin=J2&4-7
Added Net: Name=NetJ2&4_7
Added Pin To Net: NetName=NetJ2&4_8 Pin=J2&4-8
Added Net: Name=NetJ2&4_8
Added Pin To Net: NetName=NetJ2&4_9 Pin=J2&4-9
Added Net: Name=NetJ2&4_9
Added Pin To Net: NetName=NetJ2&4_10 Pin=J2&4-10
Added Net: Name=NetJ2&4_10
Added Pin To Net: NetName=NetJ2&4_11 Pin=J2&4-11
Added Net: Name=NetJ2&4_11
Added Pin To Net: NetName=NetJ2&4_12 Pin=J2&4-12
Added Net: Name=NetJ2&4_12
Added Pin To Net: NetName=NetJ2&4_13 Pin=J2&4-13
Added Net: Name=NetJ2&4_13
Added Pin To Net: NetName=NetJ2&4_14 Pin=J2&4-14
Added Net: Name=NetJ2&4_14
Added Pin To Net: NetName=NetJ2&4_15 Pin=J2&4-15
Added Net: Name=NetJ2&4_15
Added Pin To Net: NetName=NetJ2&4_16 Pin=J2&4-16
Added Net: Name=NetJ2&4_16
Added Pin To Net: NetName=NetJ2&4_17 Pin=J2&4-17
Added Net: Name=NetJ2&4_17
Added Pin To Net: NetName=NetJ2&4_18 Pin=J2&4-18
Added Net: Name=NetJ2&4_18
Added Pin To Net: NetName=NetJ2&4_19 Pin=J2&4-19
Added Net: Name=NetJ2&4_19
Added Pin To Net: NetName=NetJ2&4_20 Pin=J2&4-20
Added Net: Name=NetJ2&4_20
Added Class: Name=TivaC_Schemetic
